[<<][4cb02679bb736873687216][DEFAULT][/testlink_1_9_RC1/index.php][10/Oct/9 08:23:21][10/Oct/9 08:23:22][took 0.313326 secs]
[<<][4cb0267a57d41333064766][DEFAULT][/testlink_1_9_RC1/lib/general/navBar.php][10/Oct/9 08:23:22][10/Oct/9 08:23:22][took 0.279106 secs]
[>>][4cb0267a9c484176381617][DEFAULT][/testlink_1_9_RC1/lib/general/navBar.php][10/Oct/9 08:23:22]
[<<][4cb0267a9c484176381617][DEFAULT][/testlink_1_9_RC1/lib/general/navBar.php][10/Oct/9 08:23:22][10/Oct/9 08:23:22][took 0.224609 secs]
[<<][4cb0267a8d3bb969358294][DEFAULT][/testlink_1_9_RC1/lib/general/mainPage.php][10/Oct/9 08:23:22][10/Oct/9 08:23:23][took 0.468078 secs]
[>>][4cb0267b0bdef173428257][DEFAULT][/testlink_1_9_RC1/lib/general/mainPage.php][10/Oct/9 08:23:23]
[<<][4cb0267b0bdef173428257][DEFAULT][/testlink_1_9_RC1/lib/general/mainPage.php][10/Oct/9 08:23:23][10/Oct/9 08:23:23][took 0.402633 secs]
[<<][4cb0267ed9a0f244177506][DEFAULT][/testlink_1_9_RC1/lib/events/eventviewer.php][10/Oct/9 08:23:26][10/Oct/9 08:23:27][took 0.216715 secs]
[>>][4cb0267f1aea7353280283][DEFAULT][/testlink_1_9_RC1/lib/events/eventviewer.php][10/Oct/9 08:23:27]
[<<][4cb0267f1aea7353280283][DEFAULT][/testlink_1_9_RC1/lib/events/eventviewer.php][10/Oct/9 08:23:27][10/Oct/9 08:23:27][took 0.349927 secs]
[<<][4cb026892a15b536855092][DEFAULT][/testlink_1_9_RC1/lib/events/eventinfo.php][10/Oct/9 08:23:37][10/Oct/9 08:23:37][took 0.213677 secs]
[>>][4cb026895e8f8138094433][DEFAULT][/testlink_1_9_RC1/lib/events/eventinfo.php][10/Oct/9 08:23:37]
[<<][4cb026895e8f8138094433][DEFAULT][/testlink_1_9_RC1/lib/events/eventinfo.php][10/Oct/9 08:23:37][10/Oct/9 08:23:37][took 0.097691 secs]
[<<][4cb026a1a068f398602206][DEFAULT][/testlink_1_9_RC1/lib/events/eventviewer.php][10/Oct/9 08:24:01][10/Oct/9 08:24:01][took 0.273675 secs]
[>>][4cb026a1e39f8176294874][DEFAULT][/testlink_1_9_RC1/lib/events/eventviewer.php][10/Oct/9 08:24:01]
	[10/Oct/9 08:24:01][AUDIT][udda8k8if3ff65qu98vr55roq0][GUI]
		User 'admin' deleted all events
[<<][4cb026a1e39f8176294874][DEFAULT][/testlink_1_9_RC1/lib/events/eventviewer.php][10/Oct/9 08:24:01][10/Oct/9 08:24:02][took 0.125361 secs]
[<<][4cb026daa0696325215645][DEFAULT][/testlink_1_9_RC1/index.php][10/Oct/9 08:24:58][10/Oct/9 08:24:58][took 0.278282 secs]
[<<][4cb026db6723d422704933][DEFAULT][/testlink_1_9_RC1/lib/general/navBar.php][10/Oct/9 08:24:59][10/Oct/9 08:24:59][took 0.334339 secs]
[>>][4cb026dbb9150356860979][DEFAULT][/testlink_1_9_RC1/lib/general/navBar.php][10/Oct/9 08:24:59]
[<<][4cb026dbb9150356860979][DEFAULT][/testlink_1_9_RC1/lib/general/navBar.php][10/Oct/9 08:24:59][10/Oct/9 08:24:59][took 0.158147 secs]
[<<][4cb026dba0944998715930][DEFAULT][/testlink_1_9_RC1/lib/general/mainPage.php][10/Oct/9 08:24:59][10/Oct/9 08:25:00][took 0.383004 secs]
[>>][4cb026dc0aef7237080280][DEFAULT][/testlink_1_9_RC1/lib/general/mainPage.php][10/Oct/9 08:25:00]
[<<][4cb026dc0aef7237080280][DEFAULT][/testlink_1_9_RC1/lib/general/mainPage.php][10/Oct/9 08:25:00][10/Oct/9 08:25:00][took 0.197352 secs]
[<<][4cb026de3d3b2864215596][DEFAULT][/testlink_1_9_RC1/lib/events/eventviewer.php][10/Oct/9 08:25:02][10/Oct/9 08:25:02][took 0.302968 secs]
[>>][4cb026de883bf240100240][DEFAULT][/testlink_1_9_RC1/lib/events/eventviewer.php][10/Oct/9 08:25:02]
[<<][4cb026de883bf240100240][DEFAULT][/testlink_1_9_RC1/lib/events/eventviewer.php][10/Oct/9 08:25:02][10/Oct/9 08:25:02][took 0.126487 secs]
[<<][4cb026eabef9b155882465][DEFAULT][/testlink_1_9_RC1/lib/events/eventviewer.php][10/Oct/9 08:25:14][10/Oct/9 08:25:15][took 0.231156 secs]
[>>][4cb026eb03ae8949737358][DEFAULT][/testlink_1_9_RC1/lib/events/eventviewer.php][10/Oct/9 08:25:15]
[<<][4cb026eb03ae8949737358][DEFAULT][/testlink_1_9_RC1/lib/events/eventviewer.php][10/Oct/9 08:25:15][10/Oct/9 08:25:15][took 0.104459 secs]
[<<][4cb026f039696676911967][DEFAULT][/testlink_1_9_RC1/index.php][10/Oct/9 08:25:20][10/Oct/9 08:25:20][took 0.186609 secs]
[<<][4cb026f0af94f799474613][DEFAULT][/testlink_1_9_RC1/lib/general/navBar.php][10/Oct/9 08:25:20][10/Oct/9 08:25:20][took 0.257167 secs]
[>>][4cb026f0ee9e2581797168][DEFAULT][/testlink_1_9_RC1/lib/general/navBar.php][10/Oct/9 08:25:20]
[<<][4cb026f0ee9e2581797168][DEFAULT][/testlink_1_9_RC1/lib/general/navBar.php][10/Oct/9 08:25:20][10/Oct/9 08:25:21][took 0.104311 secs]
[<<][4cb026f0b3604617588693][DEFAULT][/testlink_1_9_RC1/lib/general/mainPage.php][10/Oct/9 08:25:20][10/Oct/9 08:25:21][took 0.568342 secs]
[>>][4cb026f14a803757948001][DEFAULT][/testlink_1_9_RC1/lib/general/mainPage.php][10/Oct/9 08:25:21]
[<<][4cb026f14a803757948001][DEFAULT][/testlink_1_9_RC1/lib/general/mainPage.php][10/Oct/9 08:25:21][10/Oct/9 08:25:21][took 0.166653 secs]
[<<][4cb026f4171ea692281204][DEFAULT][/testlink_1_9_RC1/lib/events/eventviewer.php][10/Oct/9 08:25:24][10/Oct/9 08:25:24][took 0.29848 secs]
[>>][4cb026f460748841576154][DEFAULT][/testlink_1_9_RC1/lib/events/eventviewer.php][10/Oct/9 08:25:24]
[<<][4cb026f460748841576154][DEFAULT][/testlink_1_9_RC1/lib/events/eventviewer.php][10/Oct/9 08:25:24][10/Oct/9 08:25:24][took 0.103822 secs]
[<<][4cb026f98d3b2652551968][DEFAULT][/testlink_1_9_RC1/lib/events/eventinfo.php][10/Oct/9 08:25:29][10/Oct/9 08:25:29][took 0.151599 secs]
[>>][4cb026f9b2932890553380][DEFAULT][/testlink_1_9_RC1/lib/events/eventinfo.php][10/Oct/9 08:25:29]
[<<][4cb026f9b2932890553380][DEFAULT][/testlink_1_9_RC1/lib/events/eventinfo.php][10/Oct/9 08:25:29][10/Oct/9 08:25:29][took 0.062781 secs]
[<<][4cb027019c98b544781969][DEFAULT][/testlink_1_9_RC1/lib/project/projectView.php][10/Oct/9 08:25:37][10/Oct/9 08:25:38][took 0.388555 secs]
[>>][4cb027020808c908870553][DEFAULT][/testlink_1_9_RC1/lib/project/projectView.php][10/Oct/9 08:25:38]
[<<][4cb027020808c908870553][DEFAULT][/testlink_1_9_RC1/lib/project/projectView.php][10/Oct/9 08:25:38][10/Oct/9 08:25:38][took 0.397747 secs]
[<<][4cb02701dd57b581498546][DEFAULT][/testlink_1_9_RC1/lib/project/projectView.php][10/Oct/9 08:25:37][10/Oct/9 08:25:38][took 0.645661 secs]
[>>][4cb0270287892622125205][DEFAULT][/testlink_1_9_RC1/lib/project/projectView.php][10/Oct/9 08:25:38]
[<<][4cb0270287892622125205][DEFAULT][/testlink_1_9_RC1/lib/project/projectView.php][10/Oct/9 08:25:38][10/Oct/9 08:25:38][took 0.137891 secs]
[<<][4cb02707359b1450209635][DEFAULT][/testlink_1_9_RC1/lib/project/projectEdit.php][10/Oct/9 08:25:43][10/Oct/9 08:25:43][took 0.257821 secs]
[>>][4cb0270775323619318501][DEFAULT][/testlink_1_9_RC1/lib/project/projectEdit.php][10/Oct/9 08:25:43]
[<<][4cb0270775323619318501][DEFAULT][/testlink_1_9_RC1/lib/project/projectEdit.php][10/Oct/9 08:25:43][10/Oct/9 08:25:43][took 0.210671 secs]
[<<][4cb02713ca45d800908118][DEFAULT][/testlink_1_9_RC1/lib/project/projectEdit.php][10/Oct/9 08:25:55][10/Oct/9 08:25:56][took 0.212553 secs]
[>>][4cb027140a5fe662435352][DEFAULT][/testlink_1_9_RC1/lib/project/projectEdit.php][10/Oct/9 08:25:56]
	[10/Oct/9 08:25:56][AUDIT][udda8k8if3ff65qu98vr55roq0][GUI]
		Test Project 'AAAA' was created
[<<][4cb027140a5fe662435352][DEFAULT][/testlink_1_9_RC1/lib/project/projectEdit.php][10/Oct/9 08:25:56][10/Oct/9 08:25:56][took 0.325469 secs]
[<<][4cb02714e1311342776125][DEFAULT][/testlink_1_9_RC1/lib/general/navBar.php][10/Oct/9 08:25:56][10/Oct/9 08:25:57][took 0.231617 secs]
[>>][4cb0271525f65394404798][DEFAULT][/testlink_1_9_RC1/lib/general/navBar.php][10/Oct/9 08:25:57]
[<<][4cb0271525f65394404798][DEFAULT][/testlink_1_9_RC1/lib/general/navBar.php][10/Oct/9 08:25:57][10/Oct/9 08:25:57][took 0.102944 secs]
[<<][4cb027173969a230830563][DEFAULT][/testlink_1_9_RC1/lib/events/eventviewer.php][10/Oct/9 08:25:59][10/Oct/9 08:25:59][took 0.299456 secs]
[>>][4cb0271783550538613371][DEFAULT][/testlink_1_9_RC1/lib/events/eventviewer.php][10/Oct/9 08:25:59]
[<<][4cb0271783550538613371][DEFAULT][/testlink_1_9_RC1/lib/events/eventviewer.php][10/Oct/9 08:25:59][10/Oct/9 08:25:59][took 0.176249 secs]
[<<][4cb0272e859b2185656254][DEFAULT][/testlink_1_9_RC1/index.php][10/Oct/9 08:26:22][10/Oct/9 08:26:22][took 0.202445 secs]
[<<][4cb0272ece154499304035][DEFAULT][/testlink_1_9_RC1/lib/general/navBar.php][10/Oct/9 08:26:22][10/Oct/9 08:26:23][took 0.549169 secs]
[>>][4cb0272f604f3186666960][DEFAULT][/testlink_1_9_RC1/lib/general/navBar.php][10/Oct/9 08:26:23]
[<<][4cb0272f604f3186666960][DEFAULT][/testlink_1_9_RC1/lib/general/navBar.php][10/Oct/9 08:26:23][10/Oct/9 08:26:23][took 0.09287 secs]
[<<][4cb0272f0b890549793489][DEFAULT][/testlink_1_9_RC1/lib/general/mainPage.php][10/Oct/9 08:26:23][10/Oct/9 08:26:23][took 0.704467 secs]
[>>][4cb0272fb7d4e517574074][DEFAULT][/testlink_1_9_RC1/lib/general/mainPage.php][10/Oct/9 08:26:23]
[<<][4cb0272fb7d4e517574074][DEFAULT][/testlink_1_9_RC1/lib/general/mainPage.php][10/Oct/9 08:26:23][10/Oct/9 08:26:23][took 0.167838 secs]
[<<][4cb027346eb74700358454][DEFAULT][/testlink_1_9_RC1/lib/general/navBar.php][10/Oct/9 08:26:28][10/Oct/9 08:26:28][took 0.198178 secs]
[>>][4cb027349f9dd752550232][DEFAULT][/testlink_1_9_RC1/lib/general/navBar.php][10/Oct/9 08:26:28]
[<<][4cb027349f9dd752550232][DEFAULT][/testlink_1_9_RC1/lib/general/navBar.php][10/Oct/9 08:26:28][10/Oct/9 08:26:28][took 0.089308 secs]
[<<][4cb02734e1289802372066][DEFAULT][/testlink_1_9_RC1/lib/general/mainPage.php][10/Oct/9 08:26:28][10/Oct/9 08:26:29][took 0.210332 secs]
[>>][4cb0273520de9620464163][DEFAULT][/testlink_1_9_RC1/lib/general/mainPage.php][10/Oct/9 08:26:29]
[<<][4cb0273520de9620464163][DEFAULT][/testlink_1_9_RC1/lib/general/mainPage.php][10/Oct/9 08:26:29][10/Oct/9 08:26:29][took 0.140964 secs]
[<<][4cb0273898ae3795109766][DEFAULT][/testlink_1_9_RC1/lib/general/frmWorkArea.php][10/Oct/9 08:26:32][10/Oct/9 08:26:32][took 0.181495 secs]
[>>][4cb02738c53e8191063757][DEFAULT][/testlink_1_9_RC1/lib/general/frmWorkArea.php][10/Oct/9 08:26:32]
[<<][4cb02738c53e8191063757][DEFAULT][/testlink_1_9_RC1/lib/general/frmWorkArea.php][10/Oct/9 08:26:32][10/Oct/9 08:26:32][took 0.115809 secs]
[<<][4cb0273903e81979424477][DEFAULT][/lib/testcases/listTestCases.php][10/Oct/9 08:26:33][10/Oct/9 08:26:33][took 0.360447 secs]
[>>][4cb027395d2d8311033389][DEFAULT][/lib/testcases/listTestCases.php][10/Oct/9 08:26:33]
[<<][4cb027395d2d8311033389][DEFAULT][/lib/testcases/listTestCases.php][10/Oct/9 08:26:33][10/Oct/9 08:26:33][took 0.505718 secs]
[<<][4cb027392a0e5945599156][DEFAULT][/testlink_1_9_RC1/lib/general/staticPage.php][10/Oct/9 08:26:33][10/Oct/9 08:26:34][took 1.007424 secs]
[>>][4cb0273a2c7ce053048287][DEFAULT][/testlink_1_9_RC1/lib/general/staticPage.php][10/Oct/9 08:26:34]
[<<][4cb0273a2c7ce053048287][DEFAULT][/testlink_1_9_RC1/lib/general/staticPage.php][10/Oct/9 08:26:34][10/Oct/9 08:26:34][took 0.311761 secs]
[<<][4cb0273a44c15253335582][DEFAULT][/lib/ajax/gettprojectnodes.php][10/Oct/9 08:26:34][10/Oct/9 08:26:34][took 0.416498 secs]
[>>][4cb0273aaab91042889522][DEFAULT][/lib/ajax/gettprojectnodes.php][10/Oct/9 08:26:34]
[<<][4cb0273aaab91042889522][DEFAULT][/lib/ajax/gettprojectnodes.php][10/Oct/9 08:26:34][10/Oct/9 08:26:34][took 0.060335 secs]
[<<][4cb0273c63460059686360][DEFAULT][/lib/testcases/archiveData.php][10/Oct/9 08:26:36][10/Oct/9 08:26:36][took 0.206556 secs]
[>>][4cb0273c95fbe240222042][DEFAULT][/lib/testcases/archiveData.php][10/Oct/9 08:26:36]
[<<][4cb0273c95fbe240222042][DEFAULT][/lib/testcases/archiveData.php][10/Oct/9 08:26:36][10/Oct/9 08:26:36][took 0.336788 secs]
[<<][4cb0273e7df92761183256][DEFAULT][/testlink_1_9_RC1/lib/testcases/tcImport.php][10/Oct/9 08:26:38][10/Oct/9 08:26:38][took 0.219887 secs]
[>>][4cb0273eb3fc1005109137][DEFAULT][/testlink_1_9_RC1/lib/testcases/tcImport.php][10/Oct/9 08:26:38]
[<<][4cb0273eb3fc1005109137][DEFAULT][/testlink_1_9_RC1/lib/testcases/tcImport.php][10/Oct/9 08:26:38][10/Oct/9 08:26:38][took 0.181164 secs]
[<<][4cb02764d1e97436728440][DEFAULT][/testlink_1_9_RC1/lib/testcases/tcImport.php][10/Oct/9 08:27:16][10/Oct/9 08:27:17][took 0.213439 secs]
[>>][4cb0276512372539529365][DEFAULT][/testlink_1_9_RC1/lib/testcases/tcImport.php][10/Oct/9 08:27:17]
[<<][4cb0276512372539529365][DEFAULT][/testlink_1_9_RC1/lib/testcases/tcImport.php][10/Oct/9 08:27:17][10/Oct/9 08:27:19][took 2.883597 secs]
[<<][4cb027681acb5638391106][DEFAULT][/lib/testcases/listTestCases.php][10/Oct/9 08:27:20][10/Oct/9 08:27:20][took 0.187419 secs]
[>>][4cb0276848d8e648838182][DEFAULT][/lib/testcases/listTestCases.php][10/Oct/9 08:27:20]
[<<][4cb0276848d8e648838182][DEFAULT][/lib/testcases/listTestCases.php][10/Oct/9 08:27:20][10/Oct/9 08:27:20][took 0.367289 secs]
[<<][4cb0276916fbf167320143][DEFAULT][/lib/ajax/gettprojectnodes.php][10/Oct/9 08:27:21][10/Oct/9 08:27:22][took 1.269107 secs]
[>>][4cb0276a58fc5053763170][DEFAULT][/lib/ajax/gettprojectnodes.php][10/Oct/9 08:27:22]
[<<][4cb0276a58fc5053763170][DEFAULT][/lib/ajax/gettprojectnodes.php][10/Oct/9 08:27:22][10/Oct/9 08:27:22][took 0.122577 secs]
[<<][4cb0276b50333763523722][DEFAULT][/testlink_1_9_RC1/lib/events/eventviewer.php][10/Oct/9 08:27:23][10/Oct/9 08:27:23][took 0.19727 secs]
[>>][4cb0276b80e7e230932450][DEFAULT][/testlink_1_9_RC1/lib/events/eventviewer.php][10/Oct/9 08:27:23]
[<<][4cb0276b80e7e230932450][DEFAULT][/testlink_1_9_RC1/lib/events/eventviewer.php][10/Oct/9 08:27:23][10/Oct/9 08:27:23][took 0.099515 secs]
[<<][4cb0277207c23522733265][DEFAULT][/lib/testcases/archiveData.php][10/Oct/9 08:27:30][10/Oct/9 08:27:30][took 0.245599 secs]
[>>][4cb0277248f8d146932897][DEFAULT][/lib/testcases/archiveData.php][10/Oct/9 08:27:30]
[<<][4cb0277248f8d146932897][DEFAULT][/lib/testcases/archiveData.php][10/Oct/9 08:27:30][10/Oct/9 08:27:30][took 0.552298 secs]
[<<][4cb027756ae77808842548][DEFAULT][/testlink_1_9_RC1/index.php][10/Oct/9 08:27:33][10/Oct/9 08:27:33][took 0.173598 secs]
[<<][4cb02775a7efa966872445][DEFAULT][/testlink_1_9_RC1/lib/general/navBar.php][10/Oct/9 08:27:33][10/Oct/9 08:27:34][took 0.318423 secs]
[>>][4cb0277601def643520469][DEFAULT][/testlink_1_9_RC1/lib/general/navBar.php][10/Oct/9 08:27:34]
[<<][4cb0277601def643520469][DEFAULT][/testlink_1_9_RC1/lib/general/navBar.php][10/Oct/9 08:27:34][10/Oct/9 08:27:34][took 0.129248 secs]
[<<][4cb02775dd576576357060][DEFAULT][/testlink_1_9_RC1/lib/general/mainPage.php][10/Oct/9 08:27:33][10/Oct/9 08:27:34][took 0.461227 secs]
[>>][4cb027765a529817543617][DEFAULT][/testlink_1_9_RC1/lib/general/mainPage.php][10/Oct/9 08:27:34]
[<<][4cb027765a529817543617][DEFAULT][/testlink_1_9_RC1/lib/general/mainPage.php][10/Oct/9 08:27:34][10/Oct/9 08:27:34][took 0.295849 secs]
[<<][4cb027785ba45250183241][DEFAULT][/testlink_1_9_RC1/lib/plan/planView.php][10/Oct/9 08:27:36][10/Oct/9 08:27:36][took 0.193282 secs]
[>>][4cb027788b2ef207435196][DEFAULT][/testlink_1_9_RC1/lib/plan/planView.php][10/Oct/9 08:27:36]
[<<][4cb027788b2ef207435196][DEFAULT][/testlink_1_9_RC1/lib/plan/planView.php][10/Oct/9 08:27:36][10/Oct/9 08:27:36][took 0.165866 secs]
[<<][4cb0277a5051d581165745][DEFAULT][/testlink_1_9_RC1/lib/plan/planEdit.php][10/Oct/9 08:27:38][10/Oct/9 08:27:38][took 0.21002 secs]
[>>][4cb0277a83e68270065417][DEFAULT][/testlink_1_9_RC1/lib/plan/planEdit.php][10/Oct/9 08:27:38]
[<<][4cb0277a83e68270065417][DEFAULT][/testlink_1_9_RC1/lib/plan/planEdit.php][10/Oct/9 08:27:38][10/Oct/9 08:27:38][took 0.257923 secs]
[<<][4cb027828d3be117766335][DEFAULT][/testlink_1_9_RC1/lib/plan/planEdit.php][10/Oct/9 08:27:46][10/Oct/9 08:27:46][took 0.215198 secs]
[>>][4cb02782c26dc397937331][DEFAULT][/testlink_1_9_RC1/lib/plan/planEdit.php][10/Oct/9 08:27:46]
	[10/Oct/9 08:27:47][AUDIT][udda8k8if3ff65qu98vr55roq0][GUI]
		Test Project 'AAAA' - Test Plan 'PLA' was created
[<<][4cb02782c26dc397937331][DEFAULT][/testlink_1_9_RC1/lib/plan/planEdit.php][10/Oct/9 08:27:46][10/Oct/9 08:27:47][took 0.322493 secs]
[<<][4cb02787d5e5e156979670][DEFAULT][/testlink_1_9_RC1/lib/events/eventviewer.php][10/Oct/9 08:27:51][10/Oct/9 08:27:52][took 0.190773 secs]
[>>][4cb02788109be839413873][DEFAULT][/testlink_1_9_RC1/lib/events/eventviewer.php][10/Oct/9 08:27:52]
[<<][4cb02788109be839413873][DEFAULT][/testlink_1_9_RC1/lib/events/eventviewer.php][10/Oct/9 08:27:52][10/Oct/9 08:27:52][took 0.110867 secs]
[<<][4cb0278e2dddc961102353][DEFAULT][/testlink_1_9_RC1/index.php][10/Oct/9 08:27:58][10/Oct/9 08:27:58][took 0.169085 secs]
[<<][4cb0278e6ebad630830503][DEFAULT][/testlink_1_9_RC1/lib/general/navBar.php][10/Oct/9 08:27:58][10/Oct/9 08:27:58][took 0.313324 secs]
[>>][4cb0278ebbc48028016557][DEFAULT][/testlink_1_9_RC1/lib/general/navBar.php][10/Oct/9 08:27:58]
[<<][4cb0278ebbc48028016557][DEFAULT][/testlink_1_9_RC1/lib/general/navBar.php][10/Oct/9 08:27:58][10/Oct/9 08:27:58][took 0.096138 secs]
[<<][4cb0278e7a292661051879][DEFAULT][/testlink_1_9_RC1/lib/general/mainPage.php][10/Oct/9 08:27:58][10/Oct/9 08:27:59][took 0.640021 secs]
[>>][4cb0278f23284156821259][DEFAULT][/testlink_1_9_RC1/lib/general/mainPage.php][10/Oct/9 08:27:59]
[<<][4cb0278f23284156821259][DEFAULT][/testlink_1_9_RC1/lib/general/mainPage.php][10/Oct/9 08:27:59][10/Oct/9 08:27:59][took 0.302457 secs]
[<<][4cb02790abc0d009766453][DEFAULT][/testlink_1_9_RC1/lib/plan/buildView.php][10/Oct/9 08:28:00][10/Oct/9 08:28:00][took 0.203953 secs]
[>>][4cb02790de1b3151739694][DEFAULT][/testlink_1_9_RC1/lib/plan/buildView.php][10/Oct/9 08:28:00]
[<<][4cb02790de1b3151739694][DEFAULT][/testlink_1_9_RC1/lib/plan/buildView.php][10/Oct/9 08:28:00][10/Oct/9 08:28:01][took 0.310706 secs]
[<<][4cb027927287d957080174][DEFAULT][/testlink_1_9_RC1/lib/plan/buildEdit.php][10/Oct/9 08:28:02][10/Oct/9 08:28:02][took 0.217524 secs]
[>>][4cb02792a842d051329770][DEFAULT][/testlink_1_9_RC1/lib/plan/buildEdit.php][10/Oct/9 08:28:02]
[<<][4cb02792a842d051329770][DEFAULT][/testlink_1_9_RC1/lib/plan/buildEdit.php][10/Oct/9 08:28:02][10/Oct/9 08:28:03][took 0.382688 secs]
[<<][4cb02798d1e67741059338][DEFAULT][/testlink_1_9_RC1/lib/plan/buildEdit.php][10/Oct/9 08:28:08][10/Oct/9 08:28:09][took 0.229236 secs]
[>>][4cb027991608b163076269][DEFAULT][/testlink_1_9_RC1/lib/plan/buildEdit.php][10/Oct/9 08:28:09]
	[10/Oct/9 08:28:09][AUDIT][udda8k8if3ff65qu98vr55roq0][GUI]
		Test Project 'AAAA' - Test Plan 'PLA' - Build 'N1' was created
[<<][4cb027991608b163076269][DEFAULT][/testlink_1_9_RC1/lib/plan/buildEdit.php][10/Oct/9 08:28:09][10/Oct/9 08:28:09][took 0.246708 secs]
[<<][4cb0279b7658f047080525][DEFAULT][/testlink_1_9_RC1/lib/events/eventviewer.php][10/Oct/9 08:28:11][10/Oct/9 08:28:11][took 0.417981 secs]
[>>][4cb0279bdccb4099834768][DEFAULT][/testlink_1_9_RC1/lib/events/eventviewer.php][10/Oct/9 08:28:11]
[<<][4cb0279bdccb4099834768][DEFAULT][/testlink_1_9_RC1/lib/events/eventviewer.php][10/Oct/9 08:28:11][10/Oct/9 08:28:12][took 0.126799 secs]
[<<][4cb027a07dfac932625543][DEFAULT][/testlink_1_9_RC1/index.php][10/Oct/9 08:28:16][10/Oct/9 08:28:16][took 0.141804 secs]
[<<][4cb027a0bed4a574810895][DEFAULT][/testlink_1_9_RC1/lib/general/navBar.php][10/Oct/9 08:28:16][10/Oct/9 08:28:17][took 0.377605 secs]
[>>][4cb027a1275fc828226906][DEFAULT][/testlink_1_9_RC1/lib/general/navBar.php][10/Oct/9 08:28:17]
[<<][4cb027a1275fc828226906][DEFAULT][/testlink_1_9_RC1/lib/general/navBar.php][10/Oct/9 08:28:17][10/Oct/9 08:28:17][took 0.117534 secs]
[<<][4cb027a0d1e7e994802193][DEFAULT][/testlink_1_9_RC1/lib/general/mainPage.php][10/Oct/9 08:28:16][10/Oct/9 08:28:17][took 0.652175 secs]
[>>][4cb027a17f6ca085704010][DEFAULT][/testlink_1_9_RC1/lib/general/mainPage.php][10/Oct/9 08:28:17]
[<<][4cb027a17f6ca085704010][DEFAULT][/testlink_1_9_RC1/lib/general/mainPage.php][10/Oct/9 08:28:17][10/Oct/9 08:28:17][took 0.343106 secs]
[<<][4cb027a498ad5184116478][DEFAULT][/testlink_1_9_RC1/lib/general/frmWorkArea.php][10/Oct/9 08:28:20][10/Oct/9 08:28:20][took 0.233525 secs]
[>>][4cb027a4d2096029930272][DEFAULT][/testlink_1_9_RC1/lib/general/frmWorkArea.php][10/Oct/9 08:28:20]
[<<][4cb027a4d2096029930272][DEFAULT][/testlink_1_9_RC1/lib/general/frmWorkArea.php][10/Oct/9 08:28:20][10/Oct/9 08:28:20][took 0.089476 secs]
[<<][4cb027a5132a3188906120][DEFAULT][/lib/plan/planAddTCNavigator.php][10/Oct/9 08:28:21][10/Oct/9 08:28:21][took 0.301983 secs]
[>>][4cb027a55d7ff569386495][DEFAULT][/lib/plan/planAddTCNavigator.php][10/Oct/9 08:28:21]
[<<][4cb027a55d7ff569386495][DEFAULT][/lib/plan/planAddTCNavigator.php][10/Oct/9 08:28:21][10/Oct/9 08:28:21][took 0.3754 secs]
[<<][4cb027a516fb7697097435][DEFAULT][/testlink_1_9_RC1/lib/general/staticPage.php][10/Oct/9 08:28:21][10/Oct/9 08:28:22][took 1.0378 secs]
[>>][4cb027a623cbd469331030][DEFAULT][/testlink_1_9_RC1/lib/general/staticPage.php][10/Oct/9 08:28:22]
[<<][4cb027a623cbd469331030][DEFAULT][/testlink_1_9_RC1/lib/general/staticPage.php][10/Oct/9 08:28:22][10/Oct/9 08:28:22][took 0.156908 secs]
[<<][4cb027a61e9bc802784613][DEFAULT][/lib/ajax/gettprojectnodes.php][10/Oct/9 08:28:22][10/Oct/9 08:28:22][took 0.336824 secs]
[>>][4cb027a6716ba446812820][DEFAULT][/lib/ajax/gettprojectnodes.php][10/Oct/9 08:28:22]
[<<][4cb027a6716ba446812820][DEFAULT][/lib/ajax/gettprojectnodes.php][10/Oct/9 08:28:22][10/Oct/9 08:28:22][took 0.10294 secs]
[<<][4cb027a8896b6345241134][DEFAULT][/testlink_1_9_RC1/lib/plan/planAddTC.php][10/Oct/9 08:28:24][10/Oct/9 08:28:24][took 0.20008 secs]
[>>][4cb027a8ba8a7621749722][DEFAULT][/testlink_1_9_RC1/lib/plan/planAddTC.php][10/Oct/9 08:28:24]
	[10/Oct/9 08:28:25][WARNING][udda8k8if3ff65qu98vr55roq0][GUI]
		E_NOTICE
Undefined property: stdClass::$refreshTree - in C:\usr\local\xampp-1.7.2\xampp\htdocs\testlink_1_9_RC1\gui\templates_c\%%9C^9CC^9CCB6336%%planAddTC_m1.tpl.php - Line 210
[<<][4cb027a8ba8a7621749722][DEFAULT][/testlink_1_9_RC1/lib/plan/planAddTC.php][10/Oct/9 08:28:24][10/Oct/9 08:28:25][took 0.466876 secs]
[<<][4cb027acaf919413823260][DEFAULT][/testlink_1_9_RC1/lib/plan/planAddTC.php][10/Oct/9 08:28:28][10/Oct/9 08:28:28][took 0.253785 secs]
[>>][4cb027acee2cc192174493][DEFAULT][/testlink_1_9_RC1/lib/plan/planAddTC.php][10/Oct/9 08:28:28]
	[10/Oct/9 08:28:29][AUDIT][udda8k8if3ff65qu98vr55roq0][GUI]
		Test Case 'AAAA-1 : set exec result - test plan WITHOUT PLATFORMS' version 1 was added to Test Plan PLA
	[10/Oct/9 08:28:29][AUDIT][udda8k8if3ff65qu98vr55roq0][GUI]
		Test Case 'AAAA-2 : set exec result - test plan WITH WRONG PLATFORM NAME' version 1 was added to Test Plan PLA
	[10/Oct/9 08:28:29][AUDIT][udda8k8if3ff65qu98vr55roq0][GUI]
		Test Case 'AAAA-3 : set exec result - test plan WITH WRONG PLATFORM ID' version 1 was added to Test Plan PLA
[<<][4cb027acee2cc192174493][DEFAULT][/testlink_1_9_RC1/lib/plan/planAddTC.php][10/Oct/9 08:28:28][10/Oct/9 08:28:29][took 0.689586 secs]
[<<][4cb027adbed37962911816][DEFAULT][/lib/plan/planAddTCNavigator.php][10/Oct/9 08:28:29][10/Oct/9 08:28:30][took 0.297486 secs]
[>>][4cb027ae13a49106412681][DEFAULT][/lib/plan/planAddTCNavigator.php][10/Oct/9 08:28:30]
[<<][4cb027ae13a49106412681][DEFAULT][/lib/plan/planAddTCNavigator.php][10/Oct/9 08:28:30][10/Oct/9 08:28:30][took 0.414501 secs]
[<<][4cb027ae94dd7715339875][DEFAULT][/lib/ajax/gettprojectnodes.php][10/Oct/9 08:28:30][10/Oct/9 08:28:30][took 0.203113 secs]
[>>][4cb027aec6e40266984120][DEFAULT][/lib/ajax/gettprojectnodes.php][10/Oct/9 08:28:30]
[<<][4cb027aec6e40266984120][DEFAULT][/lib/ajax/gettprojectnodes.php][10/Oct/9 08:28:30][10/Oct/9 08:28:30][took 0.10211 secs]
[<<][4cb027af7a28f437490750][DEFAULT][/testlink_1_9_RC1/lib/events/eventviewer.php][10/Oct/9 08:28:31][10/Oct/9 08:28:31][took 0.187916 secs]
[>>][4cb027afa856a607070701][DEFAULT][/testlink_1_9_RC1/lib/events/eventviewer.php][10/Oct/9 08:28:31]
[<<][4cb027afa856a607070701][DEFAULT][/testlink_1_9_RC1/lib/events/eventviewer.php][10/Oct/9 08:28:31][10/Oct/9 08:28:31][took 0.135122 secs]
[<<][4cb029007a420322923311][DEFAULT][/testlink_1_9_RC1/lib/events/eventviewer.php][10/Oct/9 08:34:08][10/Oct/9 08:34:08][took 0.281027 secs]
[>>][4cb02900c005d915590145][DEFAULT][/testlink_1_9_RC1/lib/events/eventviewer.php][10/Oct/9 08:34:08]
	[10/Oct/9 08:34:08][AUDIT][udda8k8if3ff65qu98vr55roq0][GUI]
		User 'admin' deleted all events
[<<][4cb02900c005d915590145][DEFAULT][/testlink_1_9_RC1/lib/events/eventviewer.php][10/Oct/9 08:34:08][10/Oct/9 08:34:09][took 0.202949 secs]
[<<][4cb02904e1311666966998][DEFAULT][/testlink_1_9_RC1/index.php][10/Oct/9 08:34:12][10/Oct/9 08:34:13][took 0.139761 secs]
[<<][4cb02905226bb678781160][DEFAULT][/testlink_1_9_RC1/lib/general/navBar.php][10/Oct/9 08:34:13][10/Oct/9 08:34:13][took 0.283187 secs]
[>>][4cb02905682dd319301757][DEFAULT][/testlink_1_9_RC1/lib/general/navBar.php][10/Oct/9 08:34:13]
[<<][4cb02905682dd319301757][DEFAULT][/testlink_1_9_RC1/lib/general/navBar.php][10/Oct/9 08:34:13][10/Oct/9 08:34:13][took 0.125007 secs]
[<<][4cb029055403b390847894][DEFAULT][/testlink_1_9_RC1/lib/general/mainPage.php][10/Oct/9 08:34:13][10/Oct/9 08:34:13][took 0.395439 secs]
[>>][4cb02905b52b4688731220][DEFAULT][/testlink_1_9_RC1/lib/general/mainPage.php][10/Oct/9 08:34:13]
[<<][4cb02905b52b4688731220][DEFAULT][/testlink_1_9_RC1/lib/general/mainPage.php][10/Oct/9 08:34:13][10/Oct/9 08:34:13][took 0.242075 secs]
[<<][4cb02908e4f8d230605010][DEFAULT][/testlink_1_9_RC1/lib/general/frmWorkArea.php][10/Oct/9 08:34:16][10/Oct/9 08:34:17][took 0.186821 secs]
[>>][4cb029091eb61461626349][DEFAULT][/testlink_1_9_RC1/lib/general/frmWorkArea.php][10/Oct/9 08:34:17]
[<<][4cb029091eb61461626349][DEFAULT][/testlink_1_9_RC1/lib/general/frmWorkArea.php][10/Oct/9 08:34:17][10/Oct/9 08:34:17][took 0.058981 secs]
[<<][4cb0290944c17276131512][DEFAULT][/testlink_1_9_RC1/lib/general/staticPage.php][10/Oct/9 08:34:17][10/Oct/9 08:34:17][took 0.281945 secs]
[>>][4cb0290989d6a396356738][DEFAULT][/testlink_1_9_RC1/lib/general/staticPage.php][10/Oct/9 08:34:17]
[<<][4cb0290989d6a396356738][DEFAULT][/testlink_1_9_RC1/lib/general/staticPage.php][10/Oct/9 08:34:17][10/Oct/9 08:34:17][took 0.053981 secs]
[<<][4cb0290948929274261215][DEFAULT][/lib/plan/planAddTCNavigator.php][10/Oct/9 08:34:17][10/Oct/9 08:34:17][took 0.516484 secs]
[>>][4cb02909c6ec6289007850][DEFAULT][/lib/plan/planAddTCNavigator.php][10/Oct/9 08:34:17]
[<<][4cb02909c6ec6289007850][DEFAULT][/lib/plan/planAddTCNavigator.php][10/Oct/9 08:34:17][10/Oct/9 08:34:18][took 0.239993 secs]
[<<][4cb0290a4891a490261476][DEFAULT][/lib/ajax/gettprojectnodes.php][10/Oct/9 08:34:18][10/Oct/9 08:34:18][took 0.148327 secs]
[>>][4cb0290a6d1ae471656870][DEFAULT][/lib/ajax/gettprojectnodes.php][10/Oct/9 08:34:18]
[<<][4cb0290a6d1ae471656870][DEFAULT][/lib/ajax/gettprojectnodes.php][10/Oct/9 08:34:18][10/Oct/9 08:34:18][took 0.096614 secs]
[<<][4cb0290c734a6380230358][DEFAULT][/testlink_1_9_RC1/lib/plan/planAddTC.php][10/Oct/9 08:34:20][10/Oct/9 08:34:20][took 0.281797 secs]
[>>][4cb0290cb8732286598353][DEFAULT][/testlink_1_9_RC1/lib/plan/planAddTC.php][10/Oct/9 08:34:20]
[<<][4cb0290cb8732286598353][DEFAULT][/testlink_1_9_RC1/lib/plan/planAddTC.php][10/Oct/9 08:34:20][10/Oct/9 08:34:20][took 0.131797 secs]
[<<][4cb0290d00170571222223][DEFAULT][/testlink_1_9_RC1/lib/general/staticPage.php][10/Oct/9 08:34:21][10/Oct/9 08:34:21][took 0.194778 secs]
[>>][4cb0290d2fe8b555949532][DEFAULT][/testlink_1_9_RC1/lib/general/staticPage.php][10/Oct/9 08:34:21]
[<<][4cb0290d2fe8b555949532][DEFAULT][/testlink_1_9_RC1/lib/general/staticPage.php][10/Oct/9 08:34:21][10/Oct/9 08:34:21][took 0.068567 secs]
[<<][4cb0290e89790842138816][DEFAULT][/testlink_1_9_RC1/lib/plan/planAddTC.php][10/Oct/9 08:34:22][10/Oct/9 08:34:22][took 0.376064 secs]
[>>][4cb0290ee5b29554804348][DEFAULT][/testlink_1_9_RC1/lib/plan/planAddTC.php][10/Oct/9 08:34:22]
[<<][4cb0290ee5b29554804348][DEFAULT][/testlink_1_9_RC1/lib/plan/planAddTC.php][10/Oct/9 08:34:22][10/Oct/9 08:34:23][took 0.456481 secs]
[<<][4cb02914357e2586127775][DEFAULT][/testlink_1_9_RC1/lib/plan/planAddTC.php][10/Oct/9 08:34:28][10/Oct/9 08:34:28][took 0.194677 secs]
[>>][4cb0291465b9c246506282][DEFAULT][/testlink_1_9_RC1/lib/plan/planAddTC.php][10/Oct/9 08:34:28]
	[10/Oct/9 08:34:28][AUDIT][udda8k8if3ff65qu98vr55roq0][GUI]
		Test Case 'AAAA-4 : Create Build - "easy" - NO RELEASE DATE' version 1 was added to Test Plan PLA
	[10/Oct/9 08:34:28][AUDIT][udda8k8if3ff65qu98vr55roq0][GUI]
		Test Case 'AAAA-5 : Create Build - "easy" - WITH RELEASE DATE' version 1 was added to Test Plan PLA
[<<][4cb0291465b9c246506282][DEFAULT][/testlink_1_9_RC1/lib/plan/planAddTC.php][10/Oct/9 08:34:28][10/Oct/9 08:34:28][took 0.411041 secs]
[<<][4cb02914e4f95248155114][DEFAULT][/lib/plan/planAddTCNavigator.php][10/Oct/9 08:34:28][10/Oct/9 08:34:29][took 0.25586 secs]
[>>][4cb029152ff6a366709851][DEFAULT][/lib/plan/planAddTCNavigator.php][10/Oct/9 08:34:29]
[<<][4cb029152ff6a366709851][DEFAULT][/lib/plan/planAddTCNavigator.php][10/Oct/9 08:34:29][10/Oct/9 08:34:29][took 0.27144 secs]
[<<][4cb02915b731a730027330][DEFAULT][/lib/ajax/gettprojectnodes.php][10/Oct/9 08:34:29][10/Oct/9 08:34:29][took 0.160774 secs]
[>>][4cb02915deede280579692][DEFAULT][/lib/ajax/gettprojectnodes.php][10/Oct/9 08:34:29]
[<<][4cb02915deede280579692][DEFAULT][/lib/ajax/gettprojectnodes.php][10/Oct/9 08:34:29][10/Oct/9 08:34:30][took 0.09619 secs]
[<<][4cb0292f72a4f446978833][DEFAULT][/testlink_1_9_RC1/lib/events/eventviewer.php][10/Oct/9 08:34:55][10/Oct/9 08:34:55][took 0.293983 secs]
[>>][4cb0292fbb042571004869][DEFAULT][/testlink_1_9_RC1/lib/events/eventviewer.php][10/Oct/9 08:34:55]
[<<][4cb0292fbb042571004869][DEFAULT][/testlink_1_9_RC1/lib/events/eventviewer.php][10/Oct/9 08:34:55][10/Oct/9 08:34:55][took 0.093151 secs]
[<<][4cb0298304010711524088][DEFAULT][/testlink_1_9_RC1/lib/events/eventviewer.php][10/Oct/9 08:36:19][10/Oct/9 08:36:19][took 0.283763 secs]
[>>][4cb0298349d53411988335][DEFAULT][/testlink_1_9_RC1/lib/events/eventviewer.php][10/Oct/9 08:36:19]
	[10/Oct/9 08:36:19][AUDIT][udda8k8if3ff65qu98vr55roq0][GUI]
		User 'admin' deleted all events
[<<][4cb0298349d53411988335][DEFAULT][/testlink_1_9_RC1/lib/events/eventviewer.php][10/Oct/9 08:36:19][10/Oct/9 08:36:19][took 0.148399 secs]
[<<][4cb0298631c81325524556][DEFAULT][/testlink_1_9_RC1/index.php][10/Oct/9 08:36:22][10/Oct/9 08:36:22][took 0.222845 secs]
[<<][4cb029867a28b118909697][DEFAULT][/testlink_1_9_RC1/lib/general/navBar.php][10/Oct/9 08:36:22][10/Oct/9 08:36:22][took 0.290787 secs]
[>>][4cb02986c16d4423231324][DEFAULT][/testlink_1_9_RC1/lib/general/navBar.php][10/Oct/9 08:36:22]
[<<][4cb02986c16d4423231324][DEFAULT][/testlink_1_9_RC1/lib/general/navBar.php][10/Oct/9 08:36:22][10/Oct/9 08:36:22][took 0.120051 secs]
[<<][4cb02986a7eff601073589][DEFAULT][/testlink_1_9_RC1/lib/general/mainPage.php][10/Oct/9 08:36:22][10/Oct/9 08:36:23][took 0.426822 secs]
[>>][4cb029871c803285667460][DEFAULT][/testlink_1_9_RC1/lib/general/mainPage.php][10/Oct/9 08:36:23]
[<<][4cb029871c803285667460][DEFAULT][/testlink_1_9_RC1/lib/general/mainPage.php][10/Oct/9 08:36:23][10/Oct/9 08:36:23][took 0.33379 secs]
[<<][4cb02988a7efe584615064][DEFAULT][/testlink_1_9_RC1/lib/general/frmWorkArea.php][10/Oct/9 08:36:24][10/Oct/9 08:36:24][took 0.192908 secs]
[>>][4cb02988d74b1065794648][DEFAULT][/testlink_1_9_RC1/lib/general/frmWorkArea.php][10/Oct/9 08:36:24]
[<<][4cb02988d74b1065794648][DEFAULT][/testlink_1_9_RC1/lib/general/frmWorkArea.php][10/Oct/9 08:36:24][10/Oct/9 08:36:25][took 0.164151 secs]
[<<][4cb029892a0d6428716996][DEFAULT][/testlink_1_9_RC1/lib/general/staticPage.php][10/Oct/9 08:36:25][10/Oct/9 08:36:25][took 0.29477 secs]
[>>][4cb0298972482790516234][DEFAULT][/testlink_1_9_RC1/lib/general/staticPage.php][10/Oct/9 08:36:25]
[<<][4cb0298972482790516234][DEFAULT][/testlink_1_9_RC1/lib/general/staticPage.php][10/Oct/9 08:36:25][10/Oct/9 08:36:25][took 0.064242 secs]
[<<][4cb02989357e7236197160][DEFAULT][/lib/execute/execNavigator.php][10/Oct/9 08:36:25][10/Oct/9 08:36:25][took 0.614734 secs]
[>>][4cb02989cf51a769490189][DEFAULT][/lib/execute/execNavigator.php][10/Oct/9 08:36:25]
	[10/Oct/9 08:36:26][WARNING][udda8k8if3ff65qu98vr55roq0][GUI]
		E_NOTICE
Undefined index: platformID - in C:\usr\local\xampp-1.7.2\xampp\htdocs\testlink_1_9_RC1\gui\templates_c\%%31^31A^31A35F5F%%inc_filter_panel.tpl.php - Line 138
[<<][4cb02989cf51a769490189][DEFAULT][/lib/execute/execNavigator.php][10/Oct/9 08:36:25][10/Oct/9 08:36:26][took 0.634554 secs]
[<<][4cb0299044c06601492740][DEFAULT][/testlink_1_9_RC1/lib/events/eventviewer.php][10/Oct/9 08:36:32][10/Oct/9 08:36:32][took 0.188657 secs]
[>>][4cb02990733f6912363179][DEFAULT][/testlink_1_9_RC1/lib/events/eventviewer.php][10/Oct/9 08:36:32]
[<<][4cb02990733f6912363179][DEFAULT][/testlink_1_9_RC1/lib/events/eventviewer.php][10/Oct/9 08:36:32][10/Oct/9 08:36:32][took 0.169212 secs]
[<<][4cb029d70c19d730686932][DEFAULT][/testlink_1_9_RC1/lib/events/eventviewer.php][10/Oct/9 08:37:43][10/Oct/9 08:37:43][took 0.312265 secs]
[>>][4cb029d75951a608592826][DEFAULT][/testlink_1_9_RC1/lib/events/eventviewer.php][10/Oct/9 08:37:43]
	[10/Oct/9 08:37:43][AUDIT][udda8k8if3ff65qu98vr55roq0][GUI]
		User 'admin' deleted all events
[<<][4cb029d75951a608592826][DEFAULT][/testlink_1_9_RC1/lib/events/eventviewer.php][10/Oct/9 08:37:43][10/Oct/9 08:37:43][took 0.12161 secs]
[<<][4cb029d9a80a9714170970][DEFAULT][/testlink_1_9_RC1/index.php][10/Oct/9 08:37:45][10/Oct/9 08:37:45][took 0.229317 secs]
[<<][4cb029d9f06a4096947719][DEFAULT][/testlink_1_9_RC1/lib/general/navBar.php][10/Oct/9 08:37:45][10/Oct/9 08:37:46][took 0.312017 secs]
[>>][4cb029da48f0b192101245][DEFAULT][/testlink_1_9_RC1/lib/general/navBar.php][10/Oct/9 08:37:46]
[<<][4cb029da48f0b192101245][DEFAULT][/testlink_1_9_RC1/lib/general/navBar.php][10/Oct/9 08:37:46][10/Oct/9 08:37:46][took 0.079341 secs]
[<<][4cb029da2a0de818101733][DEFAULT][/testlink_1_9_RC1/lib/general/mainPage.php][10/Oct/9 08:37:46][10/Oct/9 08:37:46][took 0.386453 secs]
[>>][4cb029da88dc8655555221][DEFAULT][/testlink_1_9_RC1/lib/general/mainPage.php][10/Oct/9 08:37:46]
[<<][4cb029da88dc8655555221][DEFAULT][/testlink_1_9_RC1/lib/general/mainPage.php][10/Oct/9 08:37:46][10/Oct/9 08:37:46][took 0.25728 secs]
[<<][4cb029dd72a3b027825008][DEFAULT][/testlink_1_9_RC1/lib/general/frmWorkArea.php][10/Oct/9 08:37:49][10/Oct/9 08:37:49][took 0.278074 secs]
[>>][4cb029ddb6f56189366140][DEFAULT][/testlink_1_9_RC1/lib/general/frmWorkArea.php][10/Oct/9 08:37:49]
[<<][4cb029ddb6f56189366140][DEFAULT][/testlink_1_9_RC1/lib/general/frmWorkArea.php][10/Oct/9 08:37:49][10/Oct/9 08:37:49][took 0.115035 secs]
[<<][4cb029ddf06b1783626793][DEFAULT][/testlink_1_9_RC1/lib/general/staticPage.php][10/Oct/9 08:37:49][10/Oct/9 08:37:50][took 0.277121 secs]
[>>][4cb029de40ea1030909426][DEFAULT][/testlink_1_9_RC1/lib/general/staticPage.php][10/Oct/9 08:37:50]
[<<][4cb029de40ea1030909426][DEFAULT][/testlink_1_9_RC1/lib/general/staticPage.php][10/Oct/9 08:37:50][10/Oct/9 08:37:50][took 0.050819 secs]
[<<][4cb029ddf0698835934798][DEFAULT][/lib/execute/execNavigator.php][10/Oct/9 08:37:49][10/Oct/9 08:37:50][took 0.586893 secs]
[>>][4cb029de8bcf0342033723][DEFAULT][/lib/execute/execNavigator.php][10/Oct/9 08:37:50]
[<<][4cb029de8bcf0342033723][DEFAULT][/lib/execute/execNavigator.php][10/Oct/9 08:37:50][10/Oct/9 08:37:51][took 0.654326 secs]
[<<][4cb029e29c97b163778515][DEFAULT][/testlink_1_9_RC1/lib/events/eventviewer.php][10/Oct/9 08:37:54][10/Oct/9 08:37:54][took 0.288919 secs]
[>>][4cb029e2e3a8a109544297][DEFAULT][/testlink_1_9_RC1/lib/events/eventviewer.php][10/Oct/9 08:37:54]
[<<][4cb029e2e3a8a109544297][DEFAULT][/testlink_1_9_RC1/lib/events/eventviewer.php][10/Oct/9 08:37:54][10/Oct/9 08:37:55][took 0.089229 secs]
[<<][4cb02a1316f9f851942381][DEFAULT][/testlink_1_9_RC1/lib/plan/planExport.php][10/Oct/9 08:38:43][10/Oct/9 08:38:43][took 0.170574 secs]
[>>][4cb02a1340f49508681183][DEFAULT][/testlink_1_9_RC1/lib/plan/planExport.php][10/Oct/9 08:38:43]
	[10/Oct/9 08:38:43][WARNING][udda8k8if3ff65qu98vr55roq0][GUI]
		E_NOTICE
Undefined index: tproject_id - in C:\usr\local\xampp-1.7.2\xampp\htdocs\testlink_1_9_RC1\lib\plan\planExport.php - Line 77
	[10/Oct/9 08:38:43][WARNING][udda8k8if3ff65qu98vr55roq0][GUI]
		E_NOTICE
Undefined index: FILENAME_MAXLEN - in C:\usr\local\xampp-1.7.2\xampp\htdocs\testlink_1_9_RC1\gui\templates_c\%%77^779^779A28AC%%planExport.tpl.php - Line 69
	[10/Oct/9 08:38:43][WARNING][udda8k8if3ff65qu98vr55roq0][GUI]
		E_NOTICE
Undefined index: FILENAME_SIZE - in C:\usr\local\xampp-1.7.2\xampp\htdocs\testlink_1_9_RC1\gui\templates_c\%%77^779^779A28AC%%planExport.tpl.php - Line 72
	[10/Oct/9 08:38:43][WARNING][udda8k8if3ff65qu98vr55roq0][GUI]
		E_NOTICE
Undefined property: stdClass::$tcID - in C:\usr\local\xampp-1.7.2\xampp\htdocs\testlink_1_9_RC1\gui\templates_c\%%77^779^779A28AC%%planExport.tpl.php - Line 97
	[10/Oct/9 08:38:43][WARNING][udda8k8if3ff65qu98vr55roq0][GUI]
		E_NOTICE
Undefined property: stdClass::$tcVersionID - in C:\usr\local\xampp-1.7.2\xampp\htdocs\testlink_1_9_RC1\gui\templates_c\%%77^779^779A28AC%%planExport.tpl.php - Line 99
	[10/Oct/9 08:38:43][WARNING][udda8k8if3ff65qu98vr55roq0][GUI]
		E_NOTICE
Undefined property: stdClass::$containerID - in C:\usr\local\xampp-1.7.2\xampp\htdocs\testlink_1_9_RC1\gui\templates_c\%%77^779^779A28AC%%planExport.tpl.php - Line 101
	[10/Oct/9 08:38:43][WARNING][udda8k8if3ff65qu98vr55roq0][GUI]
		E_NOTICE
Undefined property: stdClass::$useRecursion - in C:\usr\local\xampp-1.7.2\xampp\htdocs\testlink_1_9_RC1\gui\templates_c\%%77^779^779A28AC%%planExport.tpl.php - Line 103
[<<][4cb02a1340f49508681183][DEFAULT][/testlink_1_9_RC1/lib/plan/planExport.php][10/Oct/9 08:38:43][10/Oct/9 08:38:43][took 0.235243 secs]
[<<][4cb02a1bce1ce128345699][DEFAULT][/testlink_1_9_RC1/lib/events/eventviewer.php][10/Oct/9 08:38:51][10/Oct/9 08:38:52][took 0.229571 secs]
[>>][4cb02a1c125be125139536][DEFAULT][/testlink_1_9_RC1/lib/events/eventviewer.php][10/Oct/9 08:38:52]
[<<][4cb02a1c125be125139536][DEFAULT][/testlink_1_9_RC1/lib/events/eventviewer.php][10/Oct/9 08:38:52][10/Oct/9 08:38:52][took 0.171532 secs]
[<<][4cb02a732df7e169677416][DEFAULT][/testlink_1_9_RC1/lib/events/eventviewer.php][10/Oct/9 08:40:19][10/Oct/9 08:40:19][took 0.307373 secs]
[>>][4cb02a7379ca1610841940][DEFAULT][/testlink_1_9_RC1/lib/events/eventviewer.php][10/Oct/9 08:40:19]
	[10/Oct/9 08:40:19][AUDIT][udda8k8if3ff65qu98vr55roq0][GUI]
		User 'admin' deleted all events
[<<][4cb02a7379ca1610841940][DEFAULT][/testlink_1_9_RC1/lib/events/eventviewer.php][10/Oct/9 08:40:19][10/Oct/9 08:40:19][took 0.171437 secs]
[<<][4cb02a75afaf1011250216][DEFAULT][/testlink_1_9_RC1/lib/plan/planExport.php][10/Oct/9 08:40:21][10/Oct/9 08:40:21][took 0.187054 secs]
[>>][4cb02a75dddfb754793912][DEFAULT][/testlink_1_9_RC1/lib/plan/planExport.php][10/Oct/9 08:40:21]
	[10/Oct/9 08:40:22][WARNING][udda8k8if3ff65qu98vr55roq0][GUI]
		E_NOTICE
Undefined index: tproject_id - in C:\usr\local\xampp-1.7.2\xampp\htdocs\testlink_1_9_RC1\lib\plan\planExport.php - Line 77
	[10/Oct/9 08:40:22][WARNING][udda8k8if3ff65qu98vr55roq0][GUI]
		E_NOTICE
Undefined property: stdClass::$tcID - in C:\usr\local\xampp-1.7.2\xampp\htdocs\testlink_1_9_RC1\gui\templates_c\%%77^779^779A28AC%%planExport.tpl.php - Line 97
	[10/Oct/9 08:40:22][WARNING][udda8k8if3ff65qu98vr55roq0][GUI]
		E_NOTICE
Undefined property: stdClass::$tcVersionID - in C:\usr\local\xampp-1.7.2\xampp\htdocs\testlink_1_9_RC1\gui\templates_c\%%77^779^779A28AC%%planExport.tpl.php - Line 99
	[10/Oct/9 08:40:22][WARNING][udda8k8if3ff65qu98vr55roq0][GUI]
		E_NOTICE
Undefined property: stdClass::$containerID - in C:\usr\local\xampp-1.7.2\xampp\htdocs\testlink_1_9_RC1\gui\templates_c\%%77^779^779A28AC%%planExport.tpl.php - Line 101
	[10/Oct/9 08:40:22][WARNING][udda8k8if3ff65qu98vr55roq0][GUI]
		E_NOTICE
Undefined property: stdClass::$useRecursion - in C:\usr\local\xampp-1.7.2\xampp\htdocs\testlink_1_9_RC1\gui\templates_c\%%77^779^779A28AC%%planExport.tpl.php - Line 103
[<<][4cb02a75dddfb754793912][DEFAULT][/testlink_1_9_RC1/lib/plan/planExport.php][10/Oct/9 08:40:21][10/Oct/9 08:40:22][took 0.1863 secs]
[<<][4cb02a79bb8c2800317683][DEFAULT][/testlink_1_9_RC1/lib/events/eventviewer.php][10/Oct/9 08:40:25][10/Oct/9 08:40:25][took 0.201518 secs]
[>>][4cb02a79ed9e0864928339][DEFAULT][/testlink_1_9_RC1/lib/events/eventviewer.php][10/Oct/9 08:40:25]
[<<][4cb02a79ed9e0864928339][DEFAULT][/testlink_1_9_RC1/lib/events/eventviewer.php][10/Oct/9 08:40:25][10/Oct/9 08:40:26][took 0.147324 secs]
[<<][4cb02abf7661b559905396][DEFAULT][/testlink_1_9_RC1/index.php][10/Oct/9 08:41:35][10/Oct/9 08:41:35][took 0.134712 secs]
[<<][4cb02abfaf997917057864][DEFAULT][/testlink_1_9_RC1/lib/general/navBar.php][10/Oct/9 08:41:35][10/Oct/9 08:41:36][took 0.313326 secs]
[>>][4cb02ac0084ee653614660][DEFAULT][/testlink_1_9_RC1/lib/general/navBar.php][10/Oct/9 08:41:36]
[<<][4cb02ac0084ee653614660][DEFAULT][/testlink_1_9_RC1/lib/general/navBar.php][10/Oct/9 08:41:36][10/Oct/9 08:41:36][took 0.146293 secs]
[<<][4cb02abfe5408481856986][DEFAULT][/testlink_1_9_RC1/lib/general/mainPage.php][10/Oct/9 08:41:35][10/Oct/9 08:41:36][took 0.555046 secs]
[>>][4cb02ac079293029806911][DEFAULT][/testlink_1_9_RC1/lib/general/mainPage.php][10/Oct/9 08:41:36]
[<<][4cb02ac079293029806911][DEFAULT][/testlink_1_9_RC1/lib/general/mainPage.php][10/Oct/9 08:41:36][10/Oct/9 08:41:36][took 0.291292 secs]
[<<][4cb02ac331c8c429738107][DEFAULT][/testlink_1_9_RC1/lib/cfields/cfieldsView.php][10/Oct/9 08:41:39][10/Oct/9 08:41:39][took 0.322932 secs]
[>>][4cb02ac381dd9619428950][DEFAULT][/testlink_1_9_RC1/lib/cfields/cfieldsView.php][10/Oct/9 08:41:39]
[<<][4cb02ac381dd9619428950][DEFAULT][/testlink_1_9_RC1/lib/cfields/cfieldsView.php][10/Oct/9 08:41:39][10/Oct/9 08:41:39][took 0.132975 secs]
[<<][4cb02ac563601719339666][DEFAULT][/lib/cfields/cfieldsImport.php][10/Oct/9 08:41:41][10/Oct/9 08:41:41][took 0.392077 secs]
[>>][4cb02ac5c3835554832421][DEFAULT][/lib/cfields/cfieldsImport.php][10/Oct/9 08:41:41]
[<<][4cb02ac5c3835554832421][DEFAULT][/lib/cfields/cfieldsImport.php][10/Oct/9 08:41:41][10/Oct/9 08:41:42][took 0.198539 secs]
[<<][4cb02ad08d565114603803][DEFAULT][/testlink_1_9_RC1/lib/events/eventviewer.php][10/Oct/9 08:41:52][10/Oct/9 08:41:52][took 0.235605 secs]
[>>][4cb02ad0c7470339003938][DEFAULT][/testlink_1_9_RC1/lib/events/eventviewer.php][10/Oct/9 08:41:52]
[<<][4cb02ad0c7470339003938][DEFAULT][/testlink_1_9_RC1/lib/events/eventviewer.php][10/Oct/9 08:41:52][10/Oct/9 08:41:53][took 0.194222 secs]
[<<][4cb02ad7e1430341312252][DEFAULT][/testlink_1_9_RC1/lib/cfields/cfieldsView.php][10/Oct/9 08:41:59][10/Oct/9 08:42:00][took 0.251897 secs]
[>>][4cb02ad82b061779216932][DEFAULT][/testlink_1_9_RC1/lib/cfields/cfieldsView.php][10/Oct/9 08:42:00]
[<<][4cb02ad82b061779216932][DEFAULT][/testlink_1_9_RC1/lib/cfields/cfieldsView.php][10/Oct/9 08:42:00][10/Oct/9 08:42:00][took 0.072264 secs]
[<<][4cb02ad9c2d43576154562][DEFAULT][/lib/cfields/cfieldsExport.php][10/Oct/9 08:42:01][10/Oct/9 08:42:02][took 0.250343 secs]
[>>][4cb02ada0c28c132923344][DEFAULT][/lib/cfields/cfieldsExport.php][10/Oct/9 08:42:02]
[<<][4cb02ada0c28c132923344][DEFAULT][/lib/cfields/cfieldsExport.php][10/Oct/9 08:42:02][10/Oct/9 08:42:02][took 0.134994 secs]
[<<][4cb02af495014413866370][DEFAULT][/testlink_1_9_RC1/lib/events/eventviewer.php][10/Oct/9 08:42:28][10/Oct/9 08:42:29][took 0.447215 secs]
[>>][4cb02af50e818835124661][DEFAULT][/testlink_1_9_RC1/lib/events/eventviewer.php][10/Oct/9 08:42:29]
[<<][4cb02af50e818835124661][DEFAULT][/testlink_1_9_RC1/lib/events/eventviewer.php][10/Oct/9 08:42:29][10/Oct/9 08:42:29][took 0.097841 secs]
[<<][4cb02b91170a2525493629][DEFAULT][/testlink_1_9_RC1/lib/events/eventviewer.php][10/Oct/9 08:45:05][10/Oct/9 08:45:05][took 0.217433 secs]
[>>][4cb02b914c76c451438010][DEFAULT][/testlink_1_9_RC1/lib/events/eventviewer.php][10/Oct/9 08:45:05]
	[10/Oct/9 08:45:05][AUDIT][udda8k8if3ff65qu98vr55roq0][GUI]
		User 'admin' deleted all events
[<<][4cb02b914c76c451438010][DEFAULT][/testlink_1_9_RC1/lib/events/eventviewer.php][10/Oct/9 08:45:05][10/Oct/9 08:45:05][took 0.225196 secs]
[<<][4cb02b9431ae5473847209][DEFAULT][/testlink_1_9_RC1/index.php][10/Oct/9 08:45:08][10/Oct/9 08:45:08][took 0.166173 secs]
[<<][4cb02b946ae6f798624177][DEFAULT][/testlink_1_9_RC1/lib/general/navBar.php][10/Oct/9 08:45:08][10/Oct/9 08:45:08][took 0.332595 secs]
[>>][4cb02b94bc69b272910466][DEFAULT][/testlink_1_9_RC1/lib/general/navBar.php][10/Oct/9 08:45:08]
[<<][4cb02b94bc69b272910466][DEFAULT][/testlink_1_9_RC1/lib/general/navBar.php][10/Oct/9 08:45:08][10/Oct/9 08:45:08][took 0.1814 secs]
[<<][4cb02b94a04e6681605075][DEFAULT][/testlink_1_9_RC1/lib/general/mainPage.php][10/Oct/9 08:45:08][10/Oct/9 08:45:09][took 0.49333 secs]
[>>][4cb02b952579c370040448][DEFAULT][/testlink_1_9_RC1/lib/general/mainPage.php][10/Oct/9 08:45:09]
[<<][4cb02b952579c370040448][DEFAULT][/testlink_1_9_RC1/lib/general/mainPage.php][10/Oct/9 08:45:09][10/Oct/9 08:45:09][took 0.24147 secs]
[<<][4cb02b9d03e6d089605317][DEFAULT][/testlink_1_9_RC1/lib/general/frmWorkArea.php][10/Oct/9 08:45:17][10/Oct/9 08:45:17][took 0.199672 secs]
[>>][4cb02b9d74435175304853][DEFAULT][/testlink_1_9_RC1/lib/general/frmWorkArea.php][10/Oct/9 08:45:17]
[<<][4cb02b9d74435175304853][DEFAULT][/testlink_1_9_RC1/lib/general/frmWorkArea.php][10/Oct/9 08:45:17][10/Oct/9 08:45:17][took 0.120934 secs]
[<<][4cb02b9da7ef5334296936][DEFAULT][/lib/execute/execNavigator.php][10/Oct/9 08:45:17][10/Oct/9 08:45:18][took 0.31915 secs]
[>>][4cb02b9e01fb7820465400][DEFAULT][/lib/execute/execNavigator.php][10/Oct/9 08:45:18]
[<<][4cb02b9e01fb7820465400][DEFAULT][/lib/execute/execNavigator.php][10/Oct/9 08:45:18][10/Oct/9 08:45:18][took 0.721345 secs]
[<<][4cb02b9dd9ad0475298038][DEFAULT][/testlink_1_9_RC1/lib/general/staticPage.php][10/Oct/9 08:45:17][10/Oct/9 08:45:18][took 1.050173 secs]
[>>][4cb02b9ee6780579033764][DEFAULT][/testlink_1_9_RC1/lib/general/staticPage.php][10/Oct/9 08:45:18]
[<<][4cb02b9ee6780579033764][DEFAULT][/testlink_1_9_RC1/lib/general/staticPage.php][10/Oct/9 08:45:18][10/Oct/9 08:45:19][took 0.063446 secs]
[<<][4cb02ba04103f582926546][DEFAULT][/testlink_1_9_RC1/lib/plan/planExport.php][10/Oct/9 08:45:20][10/Oct/9 08:45:20][took 0.174407 secs]
[>>][4cb02ba06bda1486630507][DEFAULT][/testlink_1_9_RC1/lib/plan/planExport.php][10/Oct/9 08:45:20]
	[10/Oct/9 08:45:20][WARNING][udda8k8if3ff65qu98vr55roq0][GUI]
		E_NOTICE
Undefined index: tproject_id - in C:\usr\local\xampp-1.7.2\xampp\htdocs\testlink_1_9_RC1\lib\plan\planExport.php - Line 77
[<<][4cb02ba06bda1486630507][DEFAULT][/testlink_1_9_RC1/lib/plan/planExport.php][10/Oct/9 08:45:20][10/Oct/9 08:45:20][took 0.208171 secs]
[<<][4cb02ba46ed8d332604084][DEFAULT][/testlink_1_9_RC1/lib/events/eventviewer.php][10/Oct/9 08:45:24][10/Oct/9 08:45:24][took 0.307565 secs]
[>>][4cb02ba4ba5ff264294369][DEFAULT][/testlink_1_9_RC1/lib/events/eventviewer.php][10/Oct/9 08:45:24]
[<<][4cb02ba4ba5ff264294369][DEFAULT][/testlink_1_9_RC1/lib/events/eventviewer.php][10/Oct/9 08:45:24][10/Oct/9 08:45:24][took 0.151691 secs]
[<<][4cb02c38394ee554495987][DEFAULT][/testlink_1_9_RC1/index.php][10/Oct/9 08:47:52][10/Oct/9 08:47:52][took 0.137661 secs]
[<<][4cb02c38728c5631062591][DEFAULT][/testlink_1_9_RC1/lib/general/navBar.php][10/Oct/9 08:47:52][10/Oct/9 08:47:52][took 0.341871 secs]
[>>][4cb02c38c645a207874440][DEFAULT][/testlink_1_9_RC1/lib/general/navBar.php][10/Oct/9 08:47:52]
[<<][4cb02c38c645a207874440][DEFAULT][/testlink_1_9_RC1/lib/general/navBar.php][10/Oct/9 08:47:52][10/Oct/9 08:47:52][took 0.141115 secs]
[<<][4cb02c38abc38542131432][DEFAULT][/testlink_1_9_RC1/lib/general/mainPage.php][10/Oct/9 08:47:52][10/Oct/9 08:47:53][took 0.478705 secs]
[>>][4cb02c392d258334332700][DEFAULT][/testlink_1_9_RC1/lib/general/mainPage.php][10/Oct/9 08:47:53]
[<<][4cb02c392d258334332700][DEFAULT][/testlink_1_9_RC1/lib/general/mainPage.php][10/Oct/9 08:47:53][10/Oct/9 08:47:53][took 0.25365 secs]
[<<][4cb02c3ace308706828483][DEFAULT][/testlink_1_9_RC1/lib/general/frmWorkArea.php][10/Oct/9 08:47:54][10/Oct/9 08:47:55][took 0.281602 secs]
[>>][4cb02c3b1f5f7024827718][DEFAULT][/testlink_1_9_RC1/lib/general/frmWorkArea.php][10/Oct/9 08:47:55]
[<<][4cb02c3b1f5f7024827718][DEFAULT][/testlink_1_9_RC1/lib/general/frmWorkArea.php][10/Oct/9 08:47:55][10/Oct/9 08:47:55][took 0.057295 secs]
[<<][4cb02c3b44c0b500912319][DEFAULT][/testlink_1_9_RC1/lib/general/staticPage.php][10/Oct/9 08:47:55][10/Oct/9 08:47:55][took 0.360159 secs]
[>>][4cb02c3b9e75f911507558][DEFAULT][/testlink_1_9_RC1/lib/general/staticPage.php][10/Oct/9 08:47:55]
[<<][4cb02c3b9e75f911507558][DEFAULT][/testlink_1_9_RC1/lib/general/staticPage.php][10/Oct/9 08:47:55][10/Oct/9 08:47:55][took 0.060619 secs]
[<<][4cb02c3b4890a411105143][DEFAULT][/lib/plan/planAddTCNavigator.php][10/Oct/9 08:47:55][10/Oct/9 08:47:56][took 0.877573 secs]
[>>][4cb02c3c2aef0589752918][DEFAULT][/lib/plan/planAddTCNavigator.php][10/Oct/9 08:47:56]
[<<][4cb02c3c2aef0589752918][DEFAULT][/lib/plan/planAddTCNavigator.php][10/Oct/9 08:47:56][10/Oct/9 08:47:56][took 0.320918 secs]
[<<][4cb02c3ca7f05797532030][DEFAULT][/lib/ajax/gettprojectnodes.php][10/Oct/9 08:47:56][10/Oct/9 08:47:56][took 0.184335 secs]
[>>][4cb02c3cd5443294086214][DEFAULT][/lib/ajax/gettprojectnodes.php][10/Oct/9 08:47:56]
[<<][4cb02c3cd5443294086214][DEFAULT][/lib/ajax/gettprojectnodes.php][10/Oct/9 08:47:56][10/Oct/9 08:47:56][took 0.098022 secs]
[<<][4cb02c3ee5130063996213][DEFAULT][/testlink_1_9_RC1/lib/plan/planAddTC.php][10/Oct/9 08:47:58][10/Oct/9 08:47:59][took 0.275024 secs]
[>>][4cb02c3f349ab025611595][DEFAULT][/testlink_1_9_RC1/lib/plan/planAddTC.php][10/Oct/9 08:47:59]
[<<][4cb02c3f349ab025611595][DEFAULT][/testlink_1_9_RC1/lib/plan/planAddTC.php][10/Oct/9 08:47:59][10/Oct/9 08:47:59][took 0.364081 secs]
[<<][4cb02c40132a6876979630][DEFAULT][/lib/ajax/gettestcasesummary.php][10/Oct/9 08:48:00][10/Oct/9 08:48:00][took 0.175612 secs]
[>>][4cb02c403e5e3764854390][DEFAULT][/lib/ajax/gettestcasesummary.php][10/Oct/9 08:48:00]
[<<][4cb02c403e5e3764854390][DEFAULT][/lib/ajax/gettestcasesummary.php][10/Oct/9 08:48:00][10/Oct/9 08:48:00][took 0.091234 secs]
[<<][4cb02c433d4f9691293115][DEFAULT][/testlink_1_9_RC1/lib/plan/planAddTC.php][10/Oct/9 08:48:03][10/Oct/9 08:48:03][took 0.32201 secs]
[>>][4cb02c438c86b450359594][DEFAULT][/testlink_1_9_RC1/lib/plan/planAddTC.php][10/Oct/9 08:48:03]
	[10/Oct/9 08:48:03][AUDIT][udda8k8if3ff65qu98vr55roq0][GUI]
		Test Case 'AAAA-8 : Test Project name in NAVBAR' version 1 was added to Test Plan PLA
	[10/Oct/9 08:48:03][AUDIT][udda8k8if3ff65qu98vr55roq0][GUI]
		Test Case 'AAAA-9 : Test Plan name' version 1 was added to Test Plan PLA
[<<][4cb02c438c86b450359594][DEFAULT][/testlink_1_9_RC1/lib/plan/planAddTC.php][10/Oct/9 08:48:03][10/Oct/9 08:48:04][took 0.473627 secs]
[<<][4cb02c44263d9757179487][DEFAULT][/lib/plan/planAddTCNavigator.php][10/Oct/9 08:48:04][10/Oct/9 08:48:04][took 0.24335 secs]
[>>][4cb02c4461fe7362011252][DEFAULT][/lib/plan/planAddTCNavigator.php][10/Oct/9 08:48:04]
[<<][4cb02c4461fe7362011252][DEFAULT][/lib/plan/planAddTCNavigator.php][10/Oct/9 08:48:04][10/Oct/9 08:48:04][took 0.28142 secs]
[<<][4cb02c44f06a4663324983][DEFAULT][/lib/ajax/gettprojectnodes.php][10/Oct/9 08:48:04][10/Oct/9 08:48:05][took 0.16803 secs]
[>>][4cb02c4525951508184489][DEFAULT][/lib/ajax/gettprojectnodes.php][10/Oct/9 08:48:05]
[<<][4cb02c4525951508184489][DEFAULT][/lib/ajax/gettprojectnodes.php][10/Oct/9 08:48:05][10/Oct/9 08:48:05][took 0.316127 secs]
[<<][4cb02c46a438b001151580][DEFAULT][/testlink_1_9_RC1/lib/events/eventviewer.php][10/Oct/9 08:48:06][10/Oct/9 08:48:06][took 0.264493 secs]
[>>][4cb02c46e5333182377040][DEFAULT][/testlink_1_9_RC1/lib/events/eventviewer.php][10/Oct/9 08:48:06]
[<<][4cb02c46e5333182377040][DEFAULT][/testlink_1_9_RC1/lib/events/eventviewer.php][10/Oct/9 08:48:06][10/Oct/9 08:48:07][took 0.119536 secs]
[<<][4cb02c83504c3094980013][DEFAULT][/testlink_1_9_RC1/lib/general/frmWorkArea.php][10/Oct/9 08:49:07][10/Oct/9 08:49:07][took 0.286124 secs]
[>>][4cb02c8396b66970382483][DEFAULT][/testlink_1_9_RC1/lib/general/frmWorkArea.php][10/Oct/9 08:49:07]
[<<][4cb02c8396b66970382483][DEFAULT][/testlink_1_9_RC1/lib/general/frmWorkArea.php][10/Oct/9 08:49:07][10/Oct/9 08:49:07][took 0.115109 secs]
[<<][4cb02c83c6741844709037][DEFAULT][/lib/execute/execNavigator.php][10/Oct/9 08:49:07][10/Oct/9 08:49:08][took 0.319693 secs]
[>>][4cb02c8420abc309622224][DEFAULT][/lib/execute/execNavigator.php][10/Oct/9 08:49:08]
[<<][4cb02c8420abc309622224][DEFAULT][/lib/execute/execNavigator.php][10/Oct/9 08:49:08][10/Oct/9 08:49:08][took 0.541841 secs]
[<<][4cb02c8403e7e189786534][DEFAULT][/testlink_1_9_RC1/lib/general/staticPage.php][10/Oct/9 08:49:08][10/Oct/9 08:49:08][took 0.908917 secs]
[>>][4cb02c84e2326396246918][DEFAULT][/testlink_1_9_RC1/lib/general/staticPage.php][10/Oct/9 08:49:08]
[<<][4cb02c84e2326396246918][DEFAULT][/testlink_1_9_RC1/lib/general/staticPage.php][10/Oct/9 08:49:08][10/Oct/9 08:49:08][took 0.059151 secs]
[<<][4cb02c9904011336583812][DEFAULT][/testlink_1_9_RC1/lib/plan/planExport.php][10/Oct/9 08:49:29][10/Oct/9 08:49:29][took 0.228638 secs]
[>>][4cb02c993c32d298697003][DEFAULT][/testlink_1_9_RC1/lib/plan/planExport.php][10/Oct/9 08:49:29]
[<<][4cb02c993c32d298697003][DEFAULT][/testlink_1_9_RC1/lib/plan/planExport.php][10/Oct/9 08:49:29][10/Oct/9 08:49:29][took 0.443081 secs]
[<<][4cb02c9ca428b159170662][DEFAULT][/testlink_1_9_RC1/lib/plan/planExport.php][10/Oct/9 08:49:32][10/Oct/9 08:49:32][took 0.207844 secs]
[>>][4cb02c9cd771a864364463][DEFAULT][/testlink_1_9_RC1/lib/plan/planExport.php][10/Oct/9 08:49:32]
[<<][4cb02c9cd771a864364463][DEFAULT][/testlink_1_9_RC1/lib/plan/planExport.php][10/Oct/9 08:49:32][10/Oct/9 08:49:33][took 0.134031 secs]
[<<][4cb02ca06b015641759501][DEFAULT][/testlink_1_9_RC1/lib/events/eventviewer.php][10/Oct/9 08:49:36][10/Oct/9 08:49:36][took 0.223881 secs]
[>>][4cb02ca0a2044192765396][DEFAULT][/testlink_1_9_RC1/lib/events/eventviewer.php][10/Oct/9 08:49:36]
[<<][4cb02ca0a2044192765396][DEFAULT][/testlink_1_9_RC1/lib/events/eventviewer.php][10/Oct/9 08:49:36][10/Oct/9 08:49:36][took 0.115503 secs]
[<<][4cb02ca3910bb865804743][DEFAULT][/testlink_1_9_RC1/lib/events/eventviewer.php][10/Oct/9 08:49:39][10/Oct/9 08:49:39][took 0.238808 secs]
[>>][4cb02ca3cb9ca316614938][DEFAULT][/testlink_1_9_RC1/lib/events/eventviewer.php][10/Oct/9 08:49:39]
	[10/Oct/9 08:49:39][AUDIT][udda8k8if3ff65qu98vr55roq0][GUI]
		User 'admin' deleted all events
[<<][4cb02ca3cb9ca316614938][DEFAULT][/testlink_1_9_RC1/lib/events/eventviewer.php][10/Oct/9 08:49:39][10/Oct/9 08:49:40][took 0.250096 secs]
[<<][4cb02ca7910c5303611359][DEFAULT][/testlink_1_9_RC1/lib/plan/planExport.php][10/Oct/9 08:49:43][10/Oct/9 08:49:43][took 0.230232 secs]
[>>][4cb02ca7c9965677313850][DEFAULT][/testlink_1_9_RC1/lib/plan/planExport.php][10/Oct/9 08:49:43]
[<<][4cb02ca7c9965677313850][DEFAULT][/testlink_1_9_RC1/lib/plan/planExport.php][10/Oct/9 08:49:43][10/Oct/9 08:49:44][took 0.16529 secs]
[<<][4cb02cab042ef358672746][DEFAULT][/testlink_1_9_RC1/lib/events/eventviewer.php][10/Oct/9 08:49:47][10/Oct/9 08:49:47][took 0.236086 secs]
[>>][4cb02cab3e3e3226976722][DEFAULT][/testlink_1_9_RC1/lib/events/eventviewer.php][10/Oct/9 08:49:47]
[<<][4cb02cab3e3e3226976722][DEFAULT][/testlink_1_9_RC1/lib/events/eventviewer.php][10/Oct/9 08:49:47][10/Oct/9 08:49:47][took 0.120319 secs]
[<<][4cb02cb472c0c996629981][DEFAULT][/testlink_1_9_RC1/lib/plan/planExport.php][10/Oct/9 08:49:56][10/Oct/9 08:49:56][took 0.207887 secs]
[>>][4cb02cb4a5db6008479628][DEFAULT][/testlink_1_9_RC1/lib/plan/planExport.php][10/Oct/9 08:49:56]
[<<][4cb02cb4a5db6008479628][DEFAULT][/testlink_1_9_RC1/lib/plan/planExport.php][10/Oct/9 08:49:56][10/Oct/9 08:49:56][took 0.128733 secs]
[<<][4cb02cb61329c538500964][DEFAULT][/testlink_1_9_RC1/lib/plan/planExport.php][10/Oct/9 08:49:58][10/Oct/9 08:49:58][took 0.164833 secs]
[>>][4cb02cb63d878051780148][DEFAULT][/testlink_1_9_RC1/lib/plan/planExport.php][10/Oct/9 08:49:58]
[<<][4cb02cb63d878051780148][DEFAULT][/testlink_1_9_RC1/lib/plan/planExport.php][10/Oct/9 08:49:58][10/Oct/9 08:49:58][took 0.137251 secs]
[<<][4cb02d59e954c336578835][DEFAULT][/testlink_1_9_RC1/index.php][10/Oct/9 08:52:41][10/Oct/9 08:52:42][took 0.235057 secs]
[<<][4cb02d5a4132e188976537][DEFAULT][/testlink_1_9_RC1/lib/general/navBar.php][10/Oct/9 08:52:42][10/Oct/9 08:52:42][took 0.272004 secs]
[>>][4cb02d5a84138726745159][DEFAULT][/testlink_1_9_RC1/lib/general/navBar.php][10/Oct/9 08:52:42]
[<<][4cb02d5a84138726745159][DEFAULT][/testlink_1_9_RC1/lib/general/navBar.php][10/Oct/9 08:52:42][10/Oct/9 08:52:42][took 0.118332 secs]
[<<][4cb02d5a6eb6e691616690][DEFAULT][/testlink_1_9_RC1/lib/general/mainPage.php][10/Oct/9 08:52:42][10/Oct/9 08:52:42][took 0.401072 secs]
[>>][4cb02d5ad12f5034890409][DEFAULT][/testlink_1_9_RC1/lib/general/mainPage.php][10/Oct/9 08:52:42]
[<<][4cb02d5ad12f5034890409][DEFAULT][/testlink_1_9_RC1/lib/general/mainPage.php][10/Oct/9 08:52:42][10/Oct/9 08:52:43][took 0.272274 secs]
[<<][4cb02d60226c0182977070][DEFAULT][/testlink_1_9_RC1/lib/general/frmWorkArea.php][10/Oct/9 08:52:48][10/Oct/9 08:52:48][took 0.204337 secs]
[>>][4cb02d6054cdd805685502][DEFAULT][/testlink_1_9_RC1/lib/general/frmWorkArea.php][10/Oct/9 08:52:48]
[<<][4cb02d6054cdd805685502][DEFAULT][/testlink_1_9_RC1/lib/general/frmWorkArea.php][10/Oct/9 08:52:48][10/Oct/9 08:52:48][took 0.297416 secs]
[<<][4cb02d60c67d9343709211][DEFAULT][/lib/execute/execNavigator.php][10/Oct/9 08:52:48][10/Oct/9 08:52:49][took 0.630389 secs]
[>>][4cb02d616c80c994584545][DEFAULT][/lib/execute/execNavigator.php][10/Oct/9 08:52:49]
[<<][4cb02d616c80c994584545][DEFAULT][/lib/execute/execNavigator.php][10/Oct/9 08:52:49][10/Oct/9 08:52:50][took 1.370115 secs]
[<<][4cb02d6107d35843629178][DEFAULT][/testlink_1_9_RC1/lib/general/staticPage.php][10/Oct/9 08:52:49][10/Oct/9 08:52:54][took 5.295987 secs]
[>>][4cb02d665092b401990402][DEFAULT][/testlink_1_9_RC1/lib/general/staticPage.php][10/Oct/9 08:52:54]
[<<][4cb02d665092b401990402][DEFAULT][/testlink_1_9_RC1/lib/general/staticPage.php][10/Oct/9 08:52:54][10/Oct/9 08:53:00][took 5.908898 secs]
[<<][4cb02d6be8c8f752683964][DEFAULT][/testlink_1_9_RC1/index.php][10/Oct/9 08:52:59][10/Oct/9 08:53:00][took 0.698795 secs]
[<<][4cb02d6cf0eae213735917][DEFAULT][/testlink_1_9_RC1/lib/general/navBar.php][10/Oct/9 08:53:00][10/Oct/9 08:53:02][took 1.070286 secs]
[>>][4cb02d6e0e9cb195125963][DEFAULT][/testlink_1_9_RC1/lib/general/navBar.php][10/Oct/9 08:53:02]
[<<][4cb02d6e0e9cb195125963][DEFAULT][/testlink_1_9_RC1/lib/general/navBar.php][10/Oct/9 08:53:02][10/Oct/9 08:53:02][took 0.264056 secs]
[<<][4cb02d6cf0695986800621][DEFAULT][/testlink_1_9_RC1/lib/events/eventviewer.php][10/Oct/9 08:53:00][10/Oct/9 08:53:02][took 1.61034 secs]
[>>][4cb02d6e91859357332951][DEFAULT][/testlink_1_9_RC1/lib/events/eventviewer.php][10/Oct/9 08:53:02]
[<<][4cb02d6e91859357332951][DEFAULT][/testlink_1_9_RC1/lib/events/eventviewer.php][10/Oct/9 08:53:02][10/Oct/9 08:53:02][took 0.101239 secs]
[<<][4cb02d6e0f58f989009312][DEFAULT][/testlink_1_9_RC1/lib/general/mainPage.php][10/Oct/9 08:53:02][10/Oct/9 08:53:03][took 1.416574 secs]
[>>][4cb02d6f76e93711287026][DEFAULT][/testlink_1_9_RC1/lib/general/mainPage.php][10/Oct/9 08:53:03]
[<<][4cb02d6f76e93711287026][DEFAULT][/testlink_1_9_RC1/lib/general/mainPage.php][10/Oct/9 08:53:03][10/Oct/9 08:53:04][took 0.567742 secs]
[<<][4cb02d72d2714730180550][DEFAULT][/testlink_1_9_RC1/lib/plan/planView.php][10/Oct/9 08:53:06][10/Oct/9 08:53:07][took 0.220569 secs]
[>>][4cb02d7314a69683200720][DEFAULT][/testlink_1_9_RC1/lib/plan/planView.php][10/Oct/9 08:53:07]
[<<][4cb02d7314a69683200720][DEFAULT][/testlink_1_9_RC1/lib/plan/planView.php][10/Oct/9 08:53:07][10/Oct/9 08:53:07][took 0.102503 secs]
[<<][4cb02d759c97d303775517][DEFAULT][/testlink_1_9_RC1/lib/plan/planExport.php][10/Oct/9 08:53:09][10/Oct/9 08:53:09][took 0.232547 secs]
[>>][4cb02d75d5c8b920384951][DEFAULT][/testlink_1_9_RC1/lib/plan/planExport.php][10/Oct/9 08:53:09]
	[10/Oct/9 08:53:10][WARNING][udda8k8if3ff65qu98vr55roq0][GUI]
		E_NOTICE
Undefined property: stdClass::$tcID - in C:\usr\local\xampp-1.7.2\xampp\htdocs\testlink_1_9_RC1\gui\templates_c\%%77^779^779A28AC%%planExport.tpl.php - Line 98
	[10/Oct/9 08:53:10][WARNING][udda8k8if3ff65qu98vr55roq0][GUI]
		E_NOTICE
Undefined property: stdClass::$tcVersionID - in C:\usr\local\xampp-1.7.2\xampp\htdocs\testlink_1_9_RC1\gui\templates_c\%%77^779^779A28AC%%planExport.tpl.php - Line 100
	[10/Oct/9 08:53:10][WARNING][udda8k8if3ff65qu98vr55roq0][GUI]
		E_NOTICE
Undefined property: stdClass::$containerID - in C:\usr\local\xampp-1.7.2\xampp\htdocs\testlink_1_9_RC1\gui\templates_c\%%77^779^779A28AC%%planExport.tpl.php - Line 102
	[10/Oct/9 08:53:10][WARNING][udda8k8if3ff65qu98vr55roq0][GUI]
		E_NOTICE
Undefined property: stdClass::$useRecursion - in C:\usr\local\xampp-1.7.2\xampp\htdocs\testlink_1_9_RC1\gui\templates_c\%%77^779^779A28AC%%planExport.tpl.php - Line 104
[<<][4cb02d75d5c8b920384951][DEFAULT][/testlink_1_9_RC1/lib/plan/planExport.php][10/Oct/9 08:53:09][10/Oct/9 08:53:10][took 0.147422 secs]
[<<][4cb02d78dd74a039548267][DEFAULT][/testlink_1_9_RC1/lib/plan/planExport.php][10/Oct/9 08:53:12][10/Oct/9 08:53:13][took 0.209417 secs]
[>>][4cb02d791cf78272951584][DEFAULT][/testlink_1_9_RC1/lib/plan/planExport.php][10/Oct/9 08:53:13]
[<<][4cb02d791cf78272951584][DEFAULT][/testlink_1_9_RC1/lib/plan/planExport.php][10/Oct/9 08:53:13][10/Oct/9 08:53:13][took 0.126902 secs]
[<<][4cb02d7c0f72b694683507][DEFAULT][/testlink_1_9_RC1/lib/events/eventviewer.php][10/Oct/9 08:53:16][10/Oct/9 08:53:16][took 0.21966 secs]
[>>][4cb02d7c46267902087656][DEFAULT][/testlink_1_9_RC1/lib/events/eventviewer.php][10/Oct/9 08:53:16]
[<<][4cb02d7c46267902087656][DEFAULT][/testlink_1_9_RC1/lib/events/eventviewer.php][10/Oct/9 08:53:16][10/Oct/9 08:53:16][took 0.155413 secs]
[<<][4cb02dbd5bbea906029050][DEFAULT][/testlink_1_9_RC1/lib/events/eventviewer.php][10/Oct/9 08:54:21][10/Oct/9 08:54:21][took 0.31184 secs]
[>>][4cb02dbda919c916040147][DEFAULT][/testlink_1_9_RC1/lib/events/eventviewer.php][10/Oct/9 08:54:21]
	[10/Oct/9 08:54:21][AUDIT][udda8k8if3ff65qu98vr55roq0][GUI]
		User 'admin' deleted all events
[<<][4cb02dbda919c916040147][DEFAULT][/testlink_1_9_RC1/lib/events/eventviewer.php][10/Oct/9 08:54:21][10/Oct/9 08:54:21][took 0.114894 secs]
[<<][4cb02dc18985b585248424][DEFAULT][/testlink_1_9_RC1/lib/plan/planView.php][10/Oct/9 08:54:25][10/Oct/9 08:54:25][took 0.321953 secs]
[>>][4cb02dc1d87b2816998727][DEFAULT][/testlink_1_9_RC1/lib/plan/planView.php][10/Oct/9 08:54:25]
[<<][4cb02dc1d87b2816998727][DEFAULT][/testlink_1_9_RC1/lib/plan/planView.php][10/Oct/9 08:54:25][10/Oct/9 08:54:25][took 0.081918 secs]
[<<][4cb02dc3d9a15489578790][DEFAULT][/testlink_1_9_RC1/lib/plan/planExport.php][10/Oct/9 08:54:27][10/Oct/9 08:54:28][took 0.312491 secs]
[>>][4cb02dc432279765203149][DEFAULT][/testlink_1_9_RC1/lib/plan/planExport.php][10/Oct/9 08:54:28]
[<<][4cb02dc432279765203149][DEFAULT][/testlink_1_9_RC1/lib/plan/planExport.php][10/Oct/9 08:54:28][10/Oct/9 08:54:28][took 0.183782 secs]
[<<][4cb02dccd5d18944242080][DEFAULT][/testlink_1_9_RC1/lib/events/eventviewer.php][10/Oct/9 08:54:36][10/Oct/9 08:54:37][took 0.270722 secs]
[>>][4cb02dcd24486465191975][DEFAULT][/testlink_1_9_RC1/lib/events/eventviewer.php][10/Oct/9 08:54:37]
[<<][4cb02dcd24486465191975][DEFAULT][/testlink_1_9_RC1/lib/events/eventviewer.php][10/Oct/9 08:54:37][10/Oct/9 08:54:37][took 0.104398 secs]
[<<][4cb02dd003fa8931229286][DEFAULT][/testlink_1_9_RC1/lib/events/eventviewer.php][10/Oct/9 08:54:40][10/Oct/9 08:54:40][took 0.220764 secs]
[>>][4cb02dd03a5ee362750695][DEFAULT][/testlink_1_9_RC1/lib/events/eventviewer.php][10/Oct/9 08:54:40]
[<<][4cb02dd03a5ee362750695][DEFAULT][/testlink_1_9_RC1/lib/events/eventviewer.php][10/Oct/9 08:54:40][10/Oct/9 08:54:40][took 0.122584 secs]
[<<][4cb02dd3c67ab736967370][DEFAULT][/testlink_1_9_RC1/lib/plan/planExport.php][10/Oct/9 08:54:43][10/Oct/9 08:54:44][took 0.229772 secs]
[>>][4cb02dd40aee7504782631][DEFAULT][/testlink_1_9_RC1/lib/plan/planExport.php][10/Oct/9 08:54:44]
[<<][4cb02dd40aee7504782631][DEFAULT][/testlink_1_9_RC1/lib/plan/planExport.php][10/Oct/9 08:54:44][10/Oct/9 08:54:44][took 0.125283 secs]
[<<][4cb02dd8d5d0a818644432][DEFAULT][/testlink_1_9_RC1/lib/events/eventviewer.php][10/Oct/9 08:54:48][10/Oct/9 08:54:49][took 0.263067 secs]
[>>][4cb02dd92253c960844208][DEFAULT][/testlink_1_9_RC1/lib/events/eventviewer.php][10/Oct/9 08:54:49]
[<<][4cb02dd92253c960844208][DEFAULT][/testlink_1_9_RC1/lib/events/eventviewer.php][10/Oct/9 08:54:49][10/Oct/9 08:54:49][took 0.080318 secs]
